<?xml version="1.0" encoding="UTF-8"?>
<testsuite name="Se debe ingresar a la pagina empleos choucair y seleccionar un empleo disponible" tests="1" skipped="0" failures="0" errors="0" timestamp="2021-07-30T16:42:52" hostname="CHMEPPF1WYYND" time="26.693">
  <properties/>
  <testcase name="ingresar a la de empleos luego seleccionar un empleo" classname="Se debe ingresar a la pagina empleos choucair y seleccionar un empleo disponible" time="26.693"/>
  <system-out><![CDATA[]]></system-out>
  <system-err><![CDATA[jul 30, 2021 11:42:53 AM org.openqa.selenium.remote.DesiredCapabilities chrome
INFORMACIÓN: Using `new ChromeOptions()` is preferred to `DesiredCapabilities.chrome()`
Starting ChromeDriver 92.0.4515.43 (8c61b7e2989f2990d42f859cac71319137787cce-refs/branch-heads/4515@{#306}) on port 33988
Only local connections are allowed.
Please see https://chromedriver.chromium.org/security-considerations for suggestions on keeping ChromeDriver safe.
ChromeDriver was started successfully.
jul 30, 2021 11:42:58 AM org.openqa.selenium.remote.ProtocolHandshake createSession
INFORMACIÓN: Detected dialect: W3C
[Test worker] INFO net.serenitybdd.core.Serenity - 
        __    _____ _____ ____ _____   ____   _    ____  ____  _____ ____  
  _     \ \  |_   _| ____/ ___|_   _| |  _ \ / \  / ___|/ ___|| ____|  _ \ 
 (_)_____| |   | | |  _| \___ \ | |   | |_) / _ \ \___ \\___ \|  _| | | | |
  _|_____| |   | | | |___ ___) || |   |  __/ ___ \ ___) |___) | |___| |_| |
 (_)     | |   |_| |_____|____/ |_|   |_| /_/   \_\____/|____/|_____|____/ 
        /_/                                                                

TEST PASSED: ingresar a la de empleos luego seleccionar un empleo
----------------------------------------------------------------------------
]]></system-err>
</testsuite>
